<?xml version="1.0" encoding="UTF-8"?>
<testsuite xmlns:xsi="http://www.w3.org/2001/XMLSchema-instance" xsi:noNamespaceSchemaLocation="https://maven.apache.org/surefire/maven-surefire-plugin/xsd/surefire-test-report-3.0.xsd" version="3.0" name="com.db.databridge.util.FileUtilTest" time="3.048" tests="7" errors="0" skipped="0" failures="0">
  <properties>
[...]
</properties>
  <testcase name="testDownloadFileFromWeb" classname="com.db.databridge.util.FileUtilTest" time="0.516"/>
  <testcase name="testCountMissingDataInColumn" classname="com.db.databridge.util.FileUtilTest" time="0.013"/>
  <testcase name="testCountRecordsInColumn" classname="com.db.databridge.util.FileUtilTest" time="0.005"/>
  <testcase name="testCountUniqueValuesInColumn" classname="com.db.databridge.util.FileUtilTest" time="0.005"/>
  <testcase name="testCopyFile" classname="com.db.databridge.util.FileUtilTest" time="0.003"/>
  <testcase name="testOpenLocalFile" classname="com.db.databridge.util.FileUtilTest" time="2.496"/>
  <testcase name="testDetermineDataTypeInColumn" classname="com.db.databridge.util.FileUtilTest" time="0.004"/>
</testsuite>